11-22 17:19:41 com_github_MitjaNemec_ReplicateLayout.action_replicate_layout 409:Plugin executed on: 'linux'
11-22 17:19:41 com_github_MitjaNemec_ReplicateLayout.action_replicate_layout 410:Plugin executed with python version: '3.13.7 (main, Aug 15 2025, 12:34:02) [GCC 15.2.1 20250813]'
11-22 17:19:41 com_github_MitjaNemec_ReplicateLayout.action_replicate_layout 411:KiCad build version: 9.0.5
11-22 17:19:41 com_github_MitjaNemec_ReplicateLayout.action_replicate_layout 412:Plugin version: 4.0.3
11-22 17:19:41 com_github_MitjaNemec_ReplicateLayout.action_replicate_layout 413:Frame repr: <wx._core.Frame object at 0x7f76adc427b0>
11-22 17:19:41 com_github_MitjaNemec_ReplicateLayout.action_replicate_layout 437:Preparing replicator with U3 as a reference
11-22 17:19:41 com_github_MitjaNemec_ReplicateLayout.replicate_layout 117:getting a list of all footprints on board
11-22 17:19:41 com_github_MitjaNemec_ReplicateLayout.action_replicate_layout 485:source anchor footprint is 'U3'
Located on: ['/75V Boost/']
With filenames: ['boost2.kicad_sch']
With sheet_id:['/75V Boost/']
11-22 17:19:41 com_github_MitjaNemec_ReplicateLayout.action_replicate_layout 492:Corresponding footprints are 
[('U5', ['/75V Boost1/']), ('U6', ['/75V Boost2/']), ('U3', ['/75V Boost/'])]
11-22 17:19:41 com_github_MitjaNemec_ReplicateLayout.action_replicate_layout 504:Showing dialog
11-22 17:19:41 com_github_MitjaNemec_ReplicateLayout.replicate_layout 472:constructing a list of sheets suitable for replication on level:'/75V Boost/', file:'boost2.kicad_sch'
11-22 17:19:41 com_github_MitjaNemec_ReplicateLayout.replicate_layout 509:suitable sheets are:[['/75V Boost1/'], ['/75V Boost2/']]
11-22 17:19:42 com_github_MitjaNemec_ReplicateLayout.replicate_layout 1512:Level selected: ['/75V Boost/']
11-22 17:19:42 com_github_MitjaNemec_ReplicateLayout.replicate_layout 1336:Filtering list of tracks
11-22 17:19:42 com_github_MitjaNemec_ReplicateLayout.action_replicate_layout 510:Toolbar position: wx.Point(-1443, 93)
11-22 17:19:42 com_github_MitjaNemec_ReplicateLayout.action_replicate_layout 515:Dialog position: wx.Point(-1882, 93)
11-22 17:19:43 com_github_MitjaNemec_ReplicateLayout.replicate_layout 472:constructing a list of sheets suitable for replication on level:'/75V Boost/', file:'boost2.kicad_sch'
11-22 17:19:43 com_github_MitjaNemec_ReplicateLayout.replicate_layout 509:suitable sheets are:[['/75V Boost1/'], ['/75V Boost2/']]
11-22 17:19:43 com_github_MitjaNemec_ReplicateLayout.action_replicate_layout 248:Replicating layout
11-22 17:19:43 com_github_MitjaNemec_ReplicateLayout.replicate_layout 288:Starting replication of sheets: [['/75V Boost1/'], ['/75V Boost2/']]
on level: ['/75V Boost/']
with tracks=True, zone=True, text=True, text=True, intersecting=False, remove=False, locked footprints=False, group_only=False
11-22 17:19:43 root 340:updating GUI message: 'Preparing for replication'
11-22 17:19:43 com_github_MitjaNemec_ReplicateLayout.replicate_layout 358:Getting the list of source footprints
11-22 17:19:43 root 345:updating GUI with: 0
11-22 17:19:43 com_github_MitjaNemec_ReplicateLayout.replicate_layout 368:Getting the list of all the remaining footprints
11-22 17:19:43 com_github_MitjaNemec_ReplicateLayout.replicate_layout 375:Getting source tracks
11-22 17:19:43 com_github_MitjaNemec_ReplicateLayout.replicate_layout 1336:Filtering list of tracks
11-22 17:19:43 com_github_MitjaNemec_ReplicateLayout.replicate_layout 379:Getting source zones
11-22 17:19:43 com_github_MitjaNemec_ReplicateLayout.replicate_layout 383:Getting source text items
11-22 17:19:43 com_github_MitjaNemec_ReplicateLayout.replicate_layout 387:Getting source drawing items
11-22 17:19:43 root 340:updating GUI message: 'Replicating footprints'
11-22 17:19:43 com_github_MitjaNemec_ReplicateLayout.replicate_layout 863:Replicating footprints
11-22 17:19:43 com_github_MitjaNemec_ReplicateLayout.replicate_layout 870:Replicating footprints on sheet ['/75V Boost1/']
11-22 17:19:43 com_github_MitjaNemec_ReplicateLayout.replicate_layout 835:Src fp.id: 'FB360C4B-9F97-49C4-9F8F-8E9B698A2F4D'
11-22 17:19:43 com_github_MitjaNemec_ReplicateLayout.replicate_layout 839:Dst fp.id: 'FB360C4B-9F97-49C4-9F8F-8E9B698A2F4D'
11-22 17:19:43 com_github_MitjaNemec_ReplicateLayout.replicate_layout 888:Replicating footprint: 'R12'
11-22 17:19:43 com_github_MitjaNemec_ReplicateLayout.replicate_layout 835:Src fp.id: '82C7C3D8-4CF6-454B-95CD-6A1521FA95E7'
11-22 17:19:43 com_github_MitjaNemec_ReplicateLayout.replicate_layout 839:Dst fp.id: '82C7C3D8-4CF6-454B-95CD-6A1521FA95E7'
11-22 17:19:43 com_github_MitjaNemec_ReplicateLayout.replicate_layout 895:found match in dst footprint: 'R25'
11-22 17:19:43 com_github_MitjaNemec_ReplicateLayout.replicate_layout 990:Src text UUid:6a9e401f-c0cc-47af-82bb-4ea906f4c7a0
11-22 17:19:43 com_github_MitjaNemec_ReplicateLayout.replicate_layout 991:Dst text UUid:f21ea760-5475-4955-a2f2-3fd985a00004
11-22 17:19:43 com_github_MitjaNemec_ReplicateLayout.replicate_layout 990:Src text UUid:cee943c4-ca4a-4509-b818-3437e45f3458
11-22 17:19:43 com_github_MitjaNemec_ReplicateLayout.replicate_layout 991:Dst text UUid:db4b0a67-57c3-406c-bc4f-3a745096caa5
11-22 17:19:43 com_github_MitjaNemec_ReplicateLayout.replicate_layout 888:Replicating footprint: 'R14'
11-22 17:19:43 com_github_MitjaNemec_ReplicateLayout.replicate_layout 835:Src fp.id: 'A326B722-ACD8-4210-95DB-ED6C752F3DE2'
11-22 17:19:43 com_github_MitjaNemec_ReplicateLayout.replicate_layout 839:Dst fp.id: 'A326B722-ACD8-4210-95DB-ED6C752F3DE2'
11-22 17:19:43 com_github_MitjaNemec_ReplicateLayout.replicate_layout 895:found match in dst footprint: 'R27'
11-22 17:19:43 com_github_MitjaNemec_ReplicateLayout.replicate_layout 990:Src text UUid:c75c6d13-bef5-4980-8306-a1af3611da05
11-22 17:19:43 com_github_MitjaNemec_ReplicateLayout.replicate_layout 991:Dst text UUid:06eda72c-c30b-4543-bc7a-4024f628ab88
11-22 17:19:43 com_github_MitjaNemec_ReplicateLayout.replicate_layout 990:Src text UUid:4d980d3d-c523-4e3b-baac-1a34a92f09b3
11-22 17:19:43 com_github_MitjaNemec_ReplicateLayout.replicate_layout 991:Dst text UUid:7a96e49e-e3f5-418b-9b60-0612fe52177c
11-22 17:19:43 com_github_MitjaNemec_ReplicateLayout.replicate_layout 888:Replicating footprint: 'C14'
11-22 17:19:43 com_github_MitjaNemec_ReplicateLayout.replicate_layout 835:Src fp.id: 'F5928667-BF67-42F4-AC49-368EAA5C24B5'
11-22 17:19:43 com_github_MitjaNemec_ReplicateLayout.replicate_layout 839:Dst fp.id: 'F5928667-BF67-42F4-AC49-368EAA5C24B5'
11-22 17:19:43 com_github_MitjaNemec_ReplicateLayout.replicate_layout 895:found match in dst footprint: 'C24'
11-22 17:19:43 com_github_MitjaNemec_ReplicateLayout.replicate_layout 990:Src text UUid:f1058506-b6c1-432a-9ef8-e5ae2356a50f
11-22 17:19:43 com_github_MitjaNemec_ReplicateLayout.replicate_layout 991:Dst text UUid:da128644-5bad-48d5-88d8-70a122b7c0a1
11-22 17:19:43 com_github_MitjaNemec_ReplicateLayout.replicate_layout 990:Src text UUid:8662b8b4-5bfd-4f73-a751-6cf4f5ef2e84
11-22 17:19:43 com_github_MitjaNemec_ReplicateLayout.replicate_layout 991:Dst text UUid:90162dd9-7b77-452e-af91-3027d07cb369
11-22 17:19:43 com_github_MitjaNemec_ReplicateLayout.replicate_layout 888:Replicating footprint: 'Q2'
11-22 17:19:43 com_github_MitjaNemec_ReplicateLayout.replicate_layout 835:Src fp.id: '4687CC73-1ADE-4FB9-9343-74E54C798FCD'
11-22 17:19:43 com_github_MitjaNemec_ReplicateLayout.replicate_layout 839:Dst fp.id: '4687CC73-1ADE-4FB9-9343-74E54C798FCD'
11-22 17:19:43 com_github_MitjaNemec_ReplicateLayout.replicate_layout 895:found match in dst footprint: 'Q4'
11-22 17:19:43 com_github_MitjaNemec_ReplicateLayout.replicate_layout 990:Src text UUid:9f97a24f-991b-426c-a8ed-f6438e8182ed
11-22 17:19:43 com_github_MitjaNemec_ReplicateLayout.replicate_layout 991:Dst text UUid:29fcc162-0e4c-4a92-b915-b80d07f0e5d5
11-22 17:19:43 com_github_MitjaNemec_ReplicateLayout.replicate_layout 990:Src text UUid:9b4023a2-0870-4549-8501-da3101c9cdda
11-22 17:19:43 com_github_MitjaNemec_ReplicateLayout.replicate_layout 991:Dst text UUid:fd6743d9-6a1c-4d93-804e-3c310feeb499
11-22 17:19:43 com_github_MitjaNemec_ReplicateLayout.replicate_layout 888:Replicating footprint: 'D3'
11-22 17:19:43 com_github_MitjaNemec_ReplicateLayout.replicate_layout 835:Src fp.id: 'CBA70F4E-A5EB-4215-A8F8-E60B5E643328'
11-22 17:19:43 com_github_MitjaNemec_ReplicateLayout.replicate_layout 839:Dst fp.id: 'CBA70F4E-A5EB-4215-A8F8-E60B5E643328'
11-22 17:19:43 com_github_MitjaNemec_ReplicateLayout.replicate_layout 895:found match in dst footprint: 'D5'
11-22 17:19:43 com_github_MitjaNemec_ReplicateLayout.replicate_layout 990:Src text UUid:d113235d-b647-4d51-b592-a858a38467e3
11-22 17:19:43 com_github_MitjaNemec_ReplicateLayout.replicate_layout 991:Dst text UUid:4e63d2b7-dea0-40a2-aadc-1f8c8b71a293
11-22 17:19:43 com_github_MitjaNemec_ReplicateLayout.replicate_layout 990:Src text UUid:cf887928-744e-43bb-8d57-175952e634ba
11-22 17:19:43 com_github_MitjaNemec_ReplicateLayout.replicate_layout 991:Dst text UUid:1e9dcb26-4611-49ea-ba71-b92cfa8a4434
11-22 17:19:43 com_github_MitjaNemec_ReplicateLayout.replicate_layout 888:Replicating footprint: 'RV2'
11-22 17:19:43 com_github_MitjaNemec_ReplicateLayout.replicate_layout 835:Src fp.id: 'E56F3275-3254-4C6B-82D4-AA781D371FBF'
11-22 17:19:43 com_github_MitjaNemec_ReplicateLayout.replicate_layout 839:Dst fp.id: 'E56F3275-3254-4C6B-82D4-AA781D371FBF'
11-22 17:19:43 com_github_MitjaNemec_ReplicateLayout.replicate_layout 895:found match in dst footprint: 'RV4'
11-22 17:19:43 com_github_MitjaNemec_ReplicateLayout.replicate_layout 990:Src text UUid:c1cef7a6-fcb1-4977-9064-fa6ffb113b0f
11-22 17:19:43 com_github_MitjaNemec_ReplicateLayout.replicate_layout 991:Dst text UUid:9dc85897-8e76-49c4-b74b-9dc38d8805fd
11-22 17:19:43 com_github_MitjaNemec_ReplicateLayout.replicate_layout 990:Src text UUid:57632629-0de9-4c42-88c8-63902044f242
11-22 17:19:43 com_github_MitjaNemec_ReplicateLayout.replicate_layout 991:Dst text UUid:74dd72e0-9855-48d0-a803-7d98a6cddb2e
11-22 17:19:43 com_github_MitjaNemec_ReplicateLayout.replicate_layout 888:Replicating footprint: 'R9'
11-22 17:19:43 com_github_MitjaNemec_ReplicateLayout.replicate_layout 835:Src fp.id: '7E368139-EBA9-42EA-A620-DA8D0F52B726'
11-22 17:19:43 com_github_MitjaNemec_ReplicateLayout.replicate_layout 839:Dst fp.id: '7E368139-EBA9-42EA-A620-DA8D0F52B726'
11-22 17:19:43 com_github_MitjaNemec_ReplicateLayout.replicate_layout 895:found match in dst footprint: 'R22'
11-22 17:19:43 com_github_MitjaNemec_ReplicateLayout.replicate_layout 990:Src text UUid:327ab574-b836-44ec-bc6e-570f5e380e3f
11-22 17:19:43 com_github_MitjaNemec_ReplicateLayout.replicate_layout 991:Dst text UUid:6ee332a6-8c0b-4f5d-bf05-e0d5e30ebc1b
11-22 17:19:43 com_github_MitjaNemec_ReplicateLayout.replicate_layout 990:Src text UUid:4e355637-d74f-4330-a1be-6780d7f4cf23
11-22 17:19:43 com_github_MitjaNemec_ReplicateLayout.replicate_layout 991:Dst text UUid:744a2ab3-82ca-47a5-b9bf-7957f0b539b4
11-22 17:19:43 com_github_MitjaNemec_ReplicateLayout.replicate_layout 888:Replicating footprint: 'R13'
11-22 17:19:43 com_github_MitjaNemec_ReplicateLayout.replicate_layout 835:Src fp.id: '4D51FBD3-8031-4BFB-8DBC-46737DC4B72B'
11-22 17:19:43 com_github_MitjaNemec_ReplicateLayout.replicate_layout 839:Dst fp.id: '4D51FBD3-8031-4BFB-8DBC-46737DC4B72B'
11-22 17:19:43 com_github_MitjaNemec_ReplicateLayout.replicate_layout 895:found match in dst footprint: 'R26'
11-22 17:19:43 com_github_MitjaNemec_ReplicateLayout.replicate_layout 990:Src text UUid:818b23a5-6f24-4328-b73c-d49ecb1bd1cf
11-22 17:19:43 com_github_MitjaNemec_ReplicateLayout.replicate_layout 991:Dst text UUid:58905798-6844-43a6-a60a-f6e989e850f9
11-22 17:19:43 com_github_MitjaNemec_ReplicateLayout.replicate_layout 990:Src text UUid:372ec4b4-9c5a-4271-bdc4-988f64730dec
11-22 17:19:43 com_github_MitjaNemec_ReplicateLayout.replicate_layout 991:Dst text UUid:cd9cc12b-7e04-4ba9-bda5-f4678cf135ce
11-22 17:19:43 com_github_MitjaNemec_ReplicateLayout.replicate_layout 888:Replicating footprint: 'C13'
11-22 17:19:43 com_github_MitjaNemec_ReplicateLayout.replicate_layout 835:Src fp.id: '30AF8A07-40F9-4421-ADA2-BE14C6E06DC9'
11-22 17:19:43 com_github_MitjaNemec_ReplicateLayout.replicate_layout 839:Dst fp.id: '30AF8A07-40F9-4421-ADA2-BE14C6E06DC9'
11-22 17:19:43 com_github_MitjaNemec_ReplicateLayout.replicate_layout 895:found match in dst footprint: 'C23'
11-22 17:19:43 com_github_MitjaNemec_ReplicateLayout.replicate_layout 990:Src text UUid:cf36e562-8e00-4d66-a4c1-efd650ddc010
11-22 17:19:43 com_github_MitjaNemec_ReplicateLayout.replicate_layout 991:Dst text UUid:d9adb9da-624d-47cb-b86d-e4e3eb76a217
11-22 17:19:43 com_github_MitjaNemec_ReplicateLayout.replicate_layout 990:Src text UUid:c8b96aa2-dd13-48a9-a222-9e5e0a5b01a6
11-22 17:19:43 com_github_MitjaNemec_ReplicateLayout.replicate_layout 991:Dst text UUid:38518571-8078-47bc-8033-42439ced853a
11-22 17:19:43 com_github_MitjaNemec_ReplicateLayout.replicate_layout 888:Replicating footprint: 'L2'
11-22 17:19:43 com_github_MitjaNemec_ReplicateLayout.replicate_layout 835:Src fp.id: 'DD979445-D9BF-4AB9-BC64-CA77AF08FB06'
11-22 17:19:43 com_github_MitjaNemec_ReplicateLayout.replicate_layout 839:Dst fp.id: 'DD979445-D9BF-4AB9-BC64-CA77AF08FB06'
11-22 17:19:43 com_github_MitjaNemec_ReplicateLayout.replicate_layout 895:found match in dst footprint: 'L4'
11-22 17:19:43 com_github_MitjaNemec_ReplicateLayout.replicate_layout 990:Src text UUid:64dbabe3-bb11-45bd-8a91-f11f20e5137b
11-22 17:19:43 com_github_MitjaNemec_ReplicateLayout.replicate_layout 991:Dst text UUid:da96f38a-55f0-436c-82f2-5dad1e906340
11-22 17:19:43 com_github_MitjaNemec_ReplicateLayout.replicate_layout 990:Src text UUid:ef42f7b2-4f49-4da6-94ce-cfc8197f9d12
11-22 17:19:43 com_github_MitjaNemec_ReplicateLayout.replicate_layout 991:Dst text UUid:31240f8a-b7bf-4c1a-a6f6-f377183652bc
11-22 17:19:43 com_github_MitjaNemec_ReplicateLayout.replicate_layout 888:Replicating footprint: 'C12'
11-22 17:19:43 com_github_MitjaNemec_ReplicateLayout.replicate_layout 835:Src fp.id: '98971A20-87B8-4C67-A10C-85DFC7DFD033'
11-22 17:19:43 com_github_MitjaNemec_ReplicateLayout.replicate_layout 839:Dst fp.id: '98971A20-87B8-4C67-A10C-85DFC7DFD033'
11-22 17:19:43 com_github_MitjaNemec_ReplicateLayout.replicate_layout 895:found match in dst footprint: 'C22'
11-22 17:19:43 com_github_MitjaNemec_ReplicateLayout.replicate_layout 990:Src text UUid:032496c0-25cd-42bc-9e49-a136aaccbd91
11-22 17:19:43 com_github_MitjaNemec_ReplicateLayout.replicate_layout 991:Dst text UUid:5b24fe73-eeaf-44f1-a66c-f9866fe04fc7
11-22 17:19:43 com_github_MitjaNemec_ReplicateLayout.replicate_layout 990:Src text UUid:ffb77d16-4a6e-4a20-9623-481e5f55b019
11-22 17:19:43 com_github_MitjaNemec_ReplicateLayout.replicate_layout 991:Dst text UUid:8feee5a4-6048-4d23-995d-513cdf295616
11-22 17:19:43 com_github_MitjaNemec_ReplicateLayout.replicate_layout 888:Replicating footprint: 'R11'
11-22 17:19:43 com_github_MitjaNemec_ReplicateLayout.replicate_layout 835:Src fp.id: 'F67AB7DF-1AA0-4AF3-8AF6-7BBB881AFD17'
11-22 17:19:43 com_github_MitjaNemec_ReplicateLayout.replicate_layout 839:Dst fp.id: 'F67AB7DF-1AA0-4AF3-8AF6-7BBB881AFD17'
11-22 17:19:43 com_github_MitjaNemec_ReplicateLayout.replicate_layout 895:found match in dst footprint: 'R24'
11-22 17:19:43 com_github_MitjaNemec_ReplicateLayout.replicate_layout 990:Src text UUid:90acdbba-982c-447b-abe2-59fdd14b59df
11-22 17:19:43 com_github_MitjaNemec_ReplicateLayout.replicate_layout 991:Dst text UUid:a8c359a6-1b84-4360-9ce9-a1b6abf40e68
11-22 17:19:43 com_github_MitjaNemec_ReplicateLayout.replicate_layout 990:Src text UUid:99639310-3c37-4895-acc9-33ae1882cfdb
11-22 17:19:43 com_github_MitjaNemec_ReplicateLayout.replicate_layout 991:Dst text UUid:b2ad3e27-c0e7-4a99-8958-e7bf7873785c
11-22 17:19:43 com_github_MitjaNemec_ReplicateLayout.replicate_layout 888:Replicating footprint: 'R10'
11-22 17:19:43 com_github_MitjaNemec_ReplicateLayout.replicate_layout 835:Src fp.id: 'D10075F0-5309-457A-90EC-CBCC031548F8'
11-22 17:19:43 com_github_MitjaNemec_ReplicateLayout.replicate_layout 839:Dst fp.id: 'D10075F0-5309-457A-90EC-CBCC031548F8'
11-22 17:19:43 com_github_MitjaNemec_ReplicateLayout.replicate_layout 895:found match in dst footprint: 'R23'
11-22 17:19:43 com_github_MitjaNemec_ReplicateLayout.replicate_layout 990:Src text UUid:b4d60e7b-283f-4427-abce-7751a7d16279
11-22 17:19:43 com_github_MitjaNemec_ReplicateLayout.replicate_layout 991:Dst text UUid:fcb8b765-d877-42b1-bd30-cdeb16fadfbc
11-22 17:19:43 com_github_MitjaNemec_ReplicateLayout.replicate_layout 990:Src text UUid:1453bfd2-ac6e-417d-9e63-16e9d404e758
11-22 17:19:43 com_github_MitjaNemec_ReplicateLayout.replicate_layout 991:Dst text UUid:1082ce27-4f9d-434b-897a-0faf7d2150c2
11-22 17:19:43 com_github_MitjaNemec_ReplicateLayout.replicate_layout 888:Replicating footprint: 'R8'
11-22 17:19:43 com_github_MitjaNemec_ReplicateLayout.replicate_layout 835:Src fp.id: 'AA40F179-A997-4053-8E35-9C4939F1799B'
11-22 17:19:43 com_github_MitjaNemec_ReplicateLayout.replicate_layout 839:Dst fp.id: 'AA40F179-A997-4053-8E35-9C4939F1799B'
11-22 17:19:43 com_github_MitjaNemec_ReplicateLayout.replicate_layout 895:found match in dst footprint: 'R21'
11-22 17:19:43 com_github_MitjaNemec_ReplicateLayout.replicate_layout 990:Src text UUid:9555dfc8-8e4d-40e7-9d7b-fcdecc073c2e
11-22 17:19:43 com_github_MitjaNemec_ReplicateLayout.replicate_layout 991:Dst text UUid:f640db1e-282a-42ba-9407-ed142ef7394b
11-22 17:19:43 com_github_MitjaNemec_ReplicateLayout.replicate_layout 990:Src text UUid:0cf8ad11-c41b-46cd-9545-8e7dbfbcdcd4
11-22 17:19:43 com_github_MitjaNemec_ReplicateLayout.replicate_layout 991:Dst text UUid:9a882e53-3cea-4ecd-80c0-5272055857ff
11-22 17:19:43 com_github_MitjaNemec_ReplicateLayout.replicate_layout 888:Replicating footprint: 'C11'
11-22 17:19:43 com_github_MitjaNemec_ReplicateLayout.replicate_layout 835:Src fp.id: 'E2FECB9C-5592-40CC-9852-2F2552215DA6'
11-22 17:19:43 com_github_MitjaNemec_ReplicateLayout.replicate_layout 839:Dst fp.id: 'E2FECB9C-5592-40CC-9852-2F2552215DA6'
11-22 17:19:43 com_github_MitjaNemec_ReplicateLayout.replicate_layout 895:found match in dst footprint: 'C21'
11-22 17:19:43 com_github_MitjaNemec_ReplicateLayout.replicate_layout 990:Src text UUid:68d00aaa-83d7-4e29-8a9a-d2aced873bce
11-22 17:19:43 com_github_MitjaNemec_ReplicateLayout.replicate_layout 991:Dst text UUid:539fc6ff-9f3d-4d81-b94a-a2865aa7d0b2
11-22 17:19:43 com_github_MitjaNemec_ReplicateLayout.replicate_layout 990:Src text UUid:a034ba5e-30be-4989-bff8-fb202e347612
11-22 17:19:43 com_github_MitjaNemec_ReplicateLayout.replicate_layout 991:Dst text UUid:928ff8cf-6386-46d2-b908-19c6ab5bb73d
11-22 17:19:43 com_github_MitjaNemec_ReplicateLayout.replicate_layout 888:Replicating footprint: 'C15'
11-22 17:19:43 com_github_MitjaNemec_ReplicateLayout.replicate_layout 835:Src fp.id: 'C465B321-4D68-4649-B9A7-9D8AC18E0D83'
11-22 17:19:43 com_github_MitjaNemec_ReplicateLayout.replicate_layout 839:Dst fp.id: 'C465B321-4D68-4649-B9A7-9D8AC18E0D83'
11-22 17:19:43 com_github_MitjaNemec_ReplicateLayout.replicate_layout 895:found match in dst footprint: 'C25'
11-22 17:19:43 com_github_MitjaNemec_ReplicateLayout.replicate_layout 990:Src text UUid:9f35626c-1c6c-43a3-ae0f-5ce4d08c049b
11-22 17:19:43 com_github_MitjaNemec_ReplicateLayout.replicate_layout 991:Dst text UUid:1a0f834f-67b7-47fa-87a8-51fbd12e079c
11-22 17:19:43 com_github_MitjaNemec_ReplicateLayout.replicate_layout 990:Src text UUid:98f7e8ee-c4cd-42fb-a13f-4b0452e4de70
11-22 17:19:43 com_github_MitjaNemec_ReplicateLayout.replicate_layout 991:Dst text UUid:4e27ed2e-c566-4967-941f-ecc5371d326e
11-22 17:19:43 com_github_MitjaNemec_ReplicateLayout.replicate_layout 888:Replicating footprint: 'U3'
11-22 17:19:43 com_github_MitjaNemec_ReplicateLayout.replicate_layout 835:Src fp.id: 'FB360C4B-9F97-49C4-9F8F-8E9B698A2F4D'
11-22 17:19:43 com_github_MitjaNemec_ReplicateLayout.replicate_layout 839:Dst fp.id: 'FB360C4B-9F97-49C4-9F8F-8E9B698A2F4D'
11-22 17:19:43 com_github_MitjaNemec_ReplicateLayout.replicate_layout 895:found match in dst footprint: 'U5'
11-22 17:19:43 com_github_MitjaNemec_ReplicateLayout.replicate_layout 990:Src text UUid:08679683-6180-4a20-b68b-e4da11f4b155
11-22 17:19:43 com_github_MitjaNemec_ReplicateLayout.replicate_layout 991:Dst text UUid:5c7529b0-2ff9-41c4-b7de-40be9025c510
11-22 17:19:43 com_github_MitjaNemec_ReplicateLayout.replicate_layout 990:Src text UUid:d408bcbf-38a5-4614-b607-a901424c52a7
11-22 17:19:43 com_github_MitjaNemec_ReplicateLayout.replicate_layout 991:Dst text UUid:4ed92159-024a-47ae-b56b-2875407310ea
11-22 17:19:43 com_github_MitjaNemec_ReplicateLayout.replicate_layout 870:Replicating footprints on sheet ['/75V Boost2/']
11-22 17:19:43 com_github_MitjaNemec_ReplicateLayout.replicate_layout 835:Src fp.id: 'FB360C4B-9F97-49C4-9F8F-8E9B698A2F4D'
11-22 17:19:43 com_github_MitjaNemec_ReplicateLayout.replicate_layout 839:Dst fp.id: 'FB360C4B-9F97-49C4-9F8F-8E9B698A2F4D'
11-22 17:19:43 com_github_MitjaNemec_ReplicateLayout.replicate_layout 888:Replicating footprint: 'R12'
11-22 17:19:43 com_github_MitjaNemec_ReplicateLayout.replicate_layout 835:Src fp.id: '82C7C3D8-4CF6-454B-95CD-6A1521FA95E7'
11-22 17:19:43 com_github_MitjaNemec_ReplicateLayout.replicate_layout 839:Dst fp.id: '82C7C3D8-4CF6-454B-95CD-6A1521FA95E7'
11-22 17:19:43 com_github_MitjaNemec_ReplicateLayout.replicate_layout 895:found match in dst footprint: 'R32'
11-22 17:19:43 com_github_MitjaNemec_ReplicateLayout.replicate_layout 990:Src text UUid:6a9e401f-c0cc-47af-82bb-4ea906f4c7a0
11-22 17:19:43 com_github_MitjaNemec_ReplicateLayout.replicate_layout 991:Dst text UUid:acdafad8-51cc-4127-8cb5-e520f81e8ec1
11-22 17:19:43 com_github_MitjaNemec_ReplicateLayout.replicate_layout 990:Src text UUid:cee943c4-ca4a-4509-b818-3437e45f3458
11-22 17:19:43 com_github_MitjaNemec_ReplicateLayout.replicate_layout 991:Dst text UUid:bbae4f33-df26-48e8-bfee-21711f868c75
11-22 17:19:43 com_github_MitjaNemec_ReplicateLayout.replicate_layout 888:Replicating footprint: 'R14'
11-22 17:19:43 com_github_MitjaNemec_ReplicateLayout.replicate_layout 835:Src fp.id: 'A326B722-ACD8-4210-95DB-ED6C752F3DE2'
11-22 17:19:43 com_github_MitjaNemec_ReplicateLayout.replicate_layout 839:Dst fp.id: 'A326B722-ACD8-4210-95DB-ED6C752F3DE2'
11-22 17:19:43 com_github_MitjaNemec_ReplicateLayout.replicate_layout 895:found match in dst footprint: 'R34'
11-22 17:19:43 com_github_MitjaNemec_ReplicateLayout.replicate_layout 990:Src text UUid:c75c6d13-bef5-4980-8306-a1af3611da05
11-22 17:19:43 com_github_MitjaNemec_ReplicateLayout.replicate_layout 991:Dst text UUid:8855dacd-889c-464b-998a-5841c70777a0
11-22 17:19:43 com_github_MitjaNemec_ReplicateLayout.replicate_layout 990:Src text UUid:4d980d3d-c523-4e3b-baac-1a34a92f09b3
11-22 17:19:43 com_github_MitjaNemec_ReplicateLayout.replicate_layout 991:Dst text UUid:ee5b4e20-7b45-4329-a895-83bd936c43eb
11-22 17:19:43 com_github_MitjaNemec_ReplicateLayout.replicate_layout 888:Replicating footprint: 'C14'
11-22 17:19:43 com_github_MitjaNemec_ReplicateLayout.replicate_layout 835:Src fp.id: 'F5928667-BF67-42F4-AC49-368EAA5C24B5'
11-22 17:19:43 com_github_MitjaNemec_ReplicateLayout.replicate_layout 839:Dst fp.id: 'F5928667-BF67-42F4-AC49-368EAA5C24B5'
11-22 17:19:43 com_github_MitjaNemec_ReplicateLayout.replicate_layout 895:found match in dst footprint: 'C29'
11-22 17:19:43 com_github_MitjaNemec_ReplicateLayout.replicate_layout 990:Src text UUid:f1058506-b6c1-432a-9ef8-e5ae2356a50f
11-22 17:19:43 com_github_MitjaNemec_ReplicateLayout.replicate_layout 991:Dst text UUid:bad9e27f-b2d6-4134-8b7c-440700df3833
11-22 17:19:43 com_github_MitjaNemec_ReplicateLayout.replicate_layout 990:Src text UUid:8662b8b4-5bfd-4f73-a751-6cf4f5ef2e84
11-22 17:19:43 com_github_MitjaNemec_ReplicateLayout.replicate_layout 991:Dst text UUid:5646c95b-7d0b-4324-84a0-6dbc040ffcf2
11-22 17:19:43 com_github_MitjaNemec_ReplicateLayout.replicate_layout 888:Replicating footprint: 'Q2'
11-22 17:19:43 com_github_MitjaNemec_ReplicateLayout.replicate_layout 835:Src fp.id: '4687CC73-1ADE-4FB9-9343-74E54C798FCD'
11-22 17:19:43 com_github_MitjaNemec_ReplicateLayout.replicate_layout 839:Dst fp.id: '4687CC73-1ADE-4FB9-9343-74E54C798FCD'
11-22 17:19:43 com_github_MitjaNemec_ReplicateLayout.replicate_layout 895:found match in dst footprint: 'Q5'
11-22 17:19:43 com_github_MitjaNemec_ReplicateLayout.replicate_layout 990:Src text UUid:9f97a24f-991b-426c-a8ed-f6438e8182ed
11-22 17:19:43 com_github_MitjaNemec_ReplicateLayout.replicate_layout 991:Dst text UUid:740d8cba-12c2-4e0c-a684-9e67ba79cb3b
11-22 17:19:43 com_github_MitjaNemec_ReplicateLayout.replicate_layout 990:Src text UUid:9b4023a2-0870-4549-8501-da3101c9cdda
11-22 17:19:43 com_github_MitjaNemec_ReplicateLayout.replicate_layout 991:Dst text UUid:e6c7ad15-844d-49de-ae49-884890d94317
11-22 17:19:43 com_github_MitjaNemec_ReplicateLayout.replicate_layout 888:Replicating footprint: 'D3'
11-22 17:19:43 com_github_MitjaNemec_ReplicateLayout.replicate_layout 835:Src fp.id: 'CBA70F4E-A5EB-4215-A8F8-E60B5E643328'
11-22 17:19:43 com_github_MitjaNemec_ReplicateLayout.replicate_layout 839:Dst fp.id: 'CBA70F4E-A5EB-4215-A8F8-E60B5E643328'
11-22 17:19:43 com_github_MitjaNemec_ReplicateLayout.replicate_layout 895:found match in dst footprint: 'D6'
11-22 17:19:43 com_github_MitjaNemec_ReplicateLayout.replicate_layout 990:Src text UUid:d113235d-b647-4d51-b592-a858a38467e3
11-22 17:19:43 com_github_MitjaNemec_ReplicateLayout.replicate_layout 991:Dst text UUid:8a03a06d-e825-4d40-a42b-e0f2031a69fc
11-22 17:19:43 com_github_MitjaNemec_ReplicateLayout.replicate_layout 990:Src text UUid:cf887928-744e-43bb-8d57-175952e634ba
11-22 17:19:43 com_github_MitjaNemec_ReplicateLayout.replicate_layout 991:Dst text UUid:e39bbf1d-b0c9-401e-a037-a815d9dc2607
11-22 17:19:43 com_github_MitjaNemec_ReplicateLayout.replicate_layout 888:Replicating footprint: 'RV2'
11-22 17:19:43 root 345:updating GUI with: 67
11-22 17:19:43 com_github_MitjaNemec_ReplicateLayout.replicate_layout 835:Src fp.id: 'E56F3275-3254-4C6B-82D4-AA781D371FBF'
11-22 17:19:43 com_github_MitjaNemec_ReplicateLayout.replicate_layout 839:Dst fp.id: 'E56F3275-3254-4C6B-82D4-AA781D371FBF'
11-22 17:19:43 com_github_MitjaNemec_ReplicateLayout.replicate_layout 895:found match in dst footprint: 'RV5'
11-22 17:19:43 com_github_MitjaNemec_ReplicateLayout.replicate_layout 990:Src text UUid:c1cef7a6-fcb1-4977-9064-fa6ffb113b0f
11-22 17:19:43 com_github_MitjaNemec_ReplicateLayout.replicate_layout 991:Dst text UUid:8cd45bea-c47d-4902-8e6d-49af3c3c598e
11-22 17:19:43 com_github_MitjaNemec_ReplicateLayout.replicate_layout 990:Src text UUid:57632629-0de9-4c42-88c8-63902044f242
11-22 17:19:43 com_github_MitjaNemec_ReplicateLayout.replicate_layout 991:Dst text UUid:4047d24a-c83b-4cd1-a0f6-de118b2a2970
11-22 17:19:43 com_github_MitjaNemec_ReplicateLayout.replicate_layout 888:Replicating footprint: 'R9'
11-22 17:19:43 root 345:updating GUI with: 70
11-22 17:19:43 com_github_MitjaNemec_ReplicateLayout.replicate_layout 835:Src fp.id: '7E368139-EBA9-42EA-A620-DA8D0F52B726'
11-22 17:19:43 com_github_MitjaNemec_ReplicateLayout.replicate_layout 839:Dst fp.id: '7E368139-EBA9-42EA-A620-DA8D0F52B726'
11-22 17:19:43 com_github_MitjaNemec_ReplicateLayout.replicate_layout 895:found match in dst footprint: 'R29'
11-22 17:19:43 com_github_MitjaNemec_ReplicateLayout.replicate_layout 990:Src text UUid:327ab574-b836-44ec-bc6e-570f5e380e3f
11-22 17:19:43 com_github_MitjaNemec_ReplicateLayout.replicate_layout 991:Dst text UUid:4e56efe0-da4f-4477-a435-3dadf9bab824
11-22 17:19:43 com_github_MitjaNemec_ReplicateLayout.replicate_layout 990:Src text UUid:4e355637-d74f-4330-a1be-6780d7f4cf23
11-22 17:19:43 com_github_MitjaNemec_ReplicateLayout.replicate_layout 991:Dst text UUid:31684f2a-405c-4b77-ba5a-532e56fed721
11-22 17:19:43 com_github_MitjaNemec_ReplicateLayout.replicate_layout 888:Replicating footprint: 'R13'
11-22 17:19:43 com_github_MitjaNemec_ReplicateLayout.replicate_layout 835:Src fp.id: '4D51FBD3-8031-4BFB-8DBC-46737DC4B72B'
11-22 17:19:43 com_github_MitjaNemec_ReplicateLayout.replicate_layout 839:Dst fp.id: '4D51FBD3-8031-4BFB-8DBC-46737DC4B72B'
11-22 17:19:43 com_github_MitjaNemec_ReplicateLayout.replicate_layout 895:found match in dst footprint: 'R33'
11-22 17:19:43 com_github_MitjaNemec_ReplicateLayout.replicate_layout 990:Src text UUid:818b23a5-6f24-4328-b73c-d49ecb1bd1cf
11-22 17:19:43 com_github_MitjaNemec_ReplicateLayout.replicate_layout 991:Dst text UUid:4d5d070d-1c42-40c2-a153-064207235330
11-22 17:19:43 com_github_MitjaNemec_ReplicateLayout.replicate_layout 990:Src text UUid:372ec4b4-9c5a-4271-bdc4-988f64730dec
11-22 17:19:43 com_github_MitjaNemec_ReplicateLayout.replicate_layout 991:Dst text UUid:3bbb3d52-3543-45c9-9178-ea0aabe84b34
11-22 17:19:43 com_github_MitjaNemec_ReplicateLayout.replicate_layout 888:Replicating footprint: 'C13'
11-22 17:19:43 com_github_MitjaNemec_ReplicateLayout.replicate_layout 835:Src fp.id: '30AF8A07-40F9-4421-ADA2-BE14C6E06DC9'
11-22 17:19:43 com_github_MitjaNemec_ReplicateLayout.replicate_layout 839:Dst fp.id: '30AF8A07-40F9-4421-ADA2-BE14C6E06DC9'
11-22 17:19:43 com_github_MitjaNemec_ReplicateLayout.replicate_layout 895:found match in dst footprint: 'C28'
11-22 17:19:43 com_github_MitjaNemec_ReplicateLayout.replicate_layout 990:Src text UUid:cf36e562-8e00-4d66-a4c1-efd650ddc010
11-22 17:19:43 com_github_MitjaNemec_ReplicateLayout.replicate_layout 991:Dst text UUid:906e9703-f5d6-42ec-aaa5-194739423146
11-22 17:19:43 com_github_MitjaNemec_ReplicateLayout.replicate_layout 990:Src text UUid:c8b96aa2-dd13-48a9-a222-9e5e0a5b01a6
11-22 17:19:43 com_github_MitjaNemec_ReplicateLayout.replicate_layout 991:Dst text UUid:e99ace67-f0b5-4a6c-b376-d4f8271e106e
11-22 17:19:43 com_github_MitjaNemec_ReplicateLayout.replicate_layout 888:Replicating footprint: 'L2'
11-22 17:19:43 com_github_MitjaNemec_ReplicateLayout.replicate_layout 835:Src fp.id: 'DD979445-D9BF-4AB9-BC64-CA77AF08FB06'
11-22 17:19:43 com_github_MitjaNemec_ReplicateLayout.replicate_layout 839:Dst fp.id: 'DD979445-D9BF-4AB9-BC64-CA77AF08FB06'
11-22 17:19:43 com_github_MitjaNemec_ReplicateLayout.replicate_layout 895:found match in dst footprint: 'L5'
11-22 17:19:43 com_github_MitjaNemec_ReplicateLayout.replicate_layout 990:Src text UUid:64dbabe3-bb11-45bd-8a91-f11f20e5137b
11-22 17:19:43 com_github_MitjaNemec_ReplicateLayout.replicate_layout 991:Dst text UUid:b6471b8e-3cf4-42f4-9613-6a191cd03636
11-22 17:19:43 com_github_MitjaNemec_ReplicateLayout.replicate_layout 990:Src text UUid:ef42f7b2-4f49-4da6-94ce-cfc8197f9d12
11-22 17:19:43 com_github_MitjaNemec_ReplicateLayout.replicate_layout 991:Dst text UUid:b6c885ea-bfdc-4cf1-943a-ade4fb4a53e6
11-22 17:19:43 com_github_MitjaNemec_ReplicateLayout.replicate_layout 888:Replicating footprint: 'C12'
11-22 17:19:43 com_github_MitjaNemec_ReplicateLayout.replicate_layout 835:Src fp.id: '98971A20-87B8-4C67-A10C-85DFC7DFD033'
11-22 17:19:43 com_github_MitjaNemec_ReplicateLayout.replicate_layout 839:Dst fp.id: '98971A20-87B8-4C67-A10C-85DFC7DFD033'
11-22 17:19:43 com_github_MitjaNemec_ReplicateLayout.replicate_layout 895:found match in dst footprint: 'C27'
11-22 17:19:43 com_github_MitjaNemec_ReplicateLayout.replicate_layout 990:Src text UUid:032496c0-25cd-42bc-9e49-a136aaccbd91
11-22 17:19:43 com_github_MitjaNemec_ReplicateLayout.replicate_layout 991:Dst text UUid:4eed0bf9-ab79-4506-9815-ec5c33dcf56e
11-22 17:19:43 com_github_MitjaNemec_ReplicateLayout.replicate_layout 990:Src text UUid:ffb77d16-4a6e-4a20-9623-481e5f55b019
11-22 17:19:43 com_github_MitjaNemec_ReplicateLayout.replicate_layout 991:Dst text UUid:01f3430e-fc51-4023-9cc1-81e6cef1a943
11-22 17:19:43 com_github_MitjaNemec_ReplicateLayout.replicate_layout 888:Replicating footprint: 'R11'
11-22 17:19:43 com_github_MitjaNemec_ReplicateLayout.replicate_layout 835:Src fp.id: 'F67AB7DF-1AA0-4AF3-8AF6-7BBB881AFD17'
11-22 17:19:43 com_github_MitjaNemec_ReplicateLayout.replicate_layout 839:Dst fp.id: 'F67AB7DF-1AA0-4AF3-8AF6-7BBB881AFD17'
11-22 17:19:43 com_github_MitjaNemec_ReplicateLayout.replicate_layout 895:found match in dst footprint: 'R31'
11-22 17:19:43 com_github_MitjaNemec_ReplicateLayout.replicate_layout 990:Src text UUid:90acdbba-982c-447b-abe2-59fdd14b59df
11-22 17:19:43 com_github_MitjaNemec_ReplicateLayout.replicate_layout 991:Dst text UUid:550e298b-9315-4893-9b7a-3fd81f8bd259
11-22 17:19:43 com_github_MitjaNemec_ReplicateLayout.replicate_layout 990:Src text UUid:99639310-3c37-4895-acc9-33ae1882cfdb
11-22 17:19:43 com_github_MitjaNemec_ReplicateLayout.replicate_layout 991:Dst text UUid:55fc5190-0974-4ecb-bfeb-4e7881baf9c7
11-22 17:19:43 com_github_MitjaNemec_ReplicateLayout.replicate_layout 888:Replicating footprint: 'R10'
11-22 17:19:43 com_github_MitjaNemec_ReplicateLayout.replicate_layout 835:Src fp.id: 'D10075F0-5309-457A-90EC-CBCC031548F8'
11-22 17:19:43 com_github_MitjaNemec_ReplicateLayout.replicate_layout 839:Dst fp.id: 'D10075F0-5309-457A-90EC-CBCC031548F8'
11-22 17:19:43 com_github_MitjaNemec_ReplicateLayout.replicate_layout 895:found match in dst footprint: 'R30'
11-22 17:19:43 com_github_MitjaNemec_ReplicateLayout.replicate_layout 990:Src text UUid:b4d60e7b-283f-4427-abce-7751a7d16279
11-22 17:19:43 com_github_MitjaNemec_ReplicateLayout.replicate_layout 991:Dst text UUid:0acabee8-18ba-487a-a908-936e78e41161
11-22 17:19:43 com_github_MitjaNemec_ReplicateLayout.replicate_layout 990:Src text UUid:1453bfd2-ac6e-417d-9e63-16e9d404e758
11-22 17:19:43 com_github_MitjaNemec_ReplicateLayout.replicate_layout 991:Dst text UUid:8198ae6c-78fc-4958-bf0b-5632431dc58c
11-22 17:19:43 com_github_MitjaNemec_ReplicateLayout.replicate_layout 888:Replicating footprint: 'R8'
11-22 17:19:43 com_github_MitjaNemec_ReplicateLayout.replicate_layout 835:Src fp.id: 'AA40F179-A997-4053-8E35-9C4939F1799B'
11-22 17:19:43 com_github_MitjaNemec_ReplicateLayout.replicate_layout 839:Dst fp.id: 'AA40F179-A997-4053-8E35-9C4939F1799B'
11-22 17:19:43 com_github_MitjaNemec_ReplicateLayout.replicate_layout 895:found match in dst footprint: 'R28'
11-22 17:19:43 com_github_MitjaNemec_ReplicateLayout.replicate_layout 990:Src text UUid:9555dfc8-8e4d-40e7-9d7b-fcdecc073c2e
11-22 17:19:43 com_github_MitjaNemec_ReplicateLayout.replicate_layout 991:Dst text UUid:10331ce8-a411-48d8-a51b-2d5ff5dd5cad
11-22 17:19:43 com_github_MitjaNemec_ReplicateLayout.replicate_layout 990:Src text UUid:0cf8ad11-c41b-46cd-9545-8e7dbfbcdcd4
11-22 17:19:43 com_github_MitjaNemec_ReplicateLayout.replicate_layout 991:Dst text UUid:3c658e75-978d-48e0-a684-1aa08fd96141
11-22 17:19:43 com_github_MitjaNemec_ReplicateLayout.replicate_layout 888:Replicating footprint: 'C11'
11-22 17:19:43 com_github_MitjaNemec_ReplicateLayout.replicate_layout 835:Src fp.id: 'E2FECB9C-5592-40CC-9852-2F2552215DA6'
11-22 17:19:43 com_github_MitjaNemec_ReplicateLayout.replicate_layout 839:Dst fp.id: 'E2FECB9C-5592-40CC-9852-2F2552215DA6'
11-22 17:19:43 com_github_MitjaNemec_ReplicateLayout.replicate_layout 895:found match in dst footprint: 'C26'
11-22 17:19:43 com_github_MitjaNemec_ReplicateLayout.replicate_layout 990:Src text UUid:68d00aaa-83d7-4e29-8a9a-d2aced873bce
11-22 17:19:43 com_github_MitjaNemec_ReplicateLayout.replicate_layout 991:Dst text UUid:69838aca-a624-41ed-b9dd-4383b53446db
11-22 17:19:43 com_github_MitjaNemec_ReplicateLayout.replicate_layout 990:Src text UUid:a034ba5e-30be-4989-bff8-fb202e347612
11-22 17:19:43 com_github_MitjaNemec_ReplicateLayout.replicate_layout 991:Dst text UUid:556a2489-9b44-4f9b-9fe8-9b649b47b978
11-22 17:19:43 com_github_MitjaNemec_ReplicateLayout.replicate_layout 888:Replicating footprint: 'C15'
11-22 17:19:43 com_github_MitjaNemec_ReplicateLayout.replicate_layout 835:Src fp.id: 'C465B321-4D68-4649-B9A7-9D8AC18E0D83'
11-22 17:19:43 com_github_MitjaNemec_ReplicateLayout.replicate_layout 839:Dst fp.id: 'C465B321-4D68-4649-B9A7-9D8AC18E0D83'
11-22 17:19:43 com_github_MitjaNemec_ReplicateLayout.replicate_layout 895:found match in dst footprint: 'C30'
11-22 17:19:43 com_github_MitjaNemec_ReplicateLayout.replicate_layout 990:Src text UUid:9f35626c-1c6c-43a3-ae0f-5ce4d08c049b
11-22 17:19:43 com_github_MitjaNemec_ReplicateLayout.replicate_layout 991:Dst text UUid:c3184a21-526a-4c1d-bee0-5e9b72a330df
11-22 17:19:43 com_github_MitjaNemec_ReplicateLayout.replicate_layout 990:Src text UUid:98f7e8ee-c4cd-42fb-a13f-4b0452e4de70
11-22 17:19:43 com_github_MitjaNemec_ReplicateLayout.replicate_layout 991:Dst text UUid:87132cf2-8f8f-4bc8-932d-056e8f86c3ee
11-22 17:19:43 com_github_MitjaNemec_ReplicateLayout.replicate_layout 888:Replicating footprint: 'U3'
11-22 17:19:43 com_github_MitjaNemec_ReplicateLayout.replicate_layout 835:Src fp.id: 'FB360C4B-9F97-49C4-9F8F-8E9B698A2F4D'
11-22 17:19:43 com_github_MitjaNemec_ReplicateLayout.replicate_layout 839:Dst fp.id: 'FB360C4B-9F97-49C4-9F8F-8E9B698A2F4D'
11-22 17:19:43 com_github_MitjaNemec_ReplicateLayout.replicate_layout 895:found match in dst footprint: 'U6'
11-22 17:19:43 com_github_MitjaNemec_ReplicateLayout.replicate_layout 990:Src text UUid:08679683-6180-4a20-b68b-e4da11f4b155
11-22 17:19:43 com_github_MitjaNemec_ReplicateLayout.replicate_layout 991:Dst text UUid:cbea94d1-1c26-4981-b9f6-e8aa34f9b41e
11-22 17:19:43 com_github_MitjaNemec_ReplicateLayout.replicate_layout 990:Src text UUid:d408bcbf-38a5-4614-b607-a901424c52a7
11-22 17:19:43 com_github_MitjaNemec_ReplicateLayout.replicate_layout 991:Dst text UUid:b37e77f9-ca88-4621-bdb3-4e30106a12aa
11-22 17:19:43 root 340:updating GUI message: 'Replicating tracks'
11-22 17:19:43 com_github_MitjaNemec_ReplicateLayout.replicate_layout 1014:Replicating tracks
11-22 17:19:43 root 345:updating GUI with: 0
11-22 17:19:43 com_github_MitjaNemec_ReplicateLayout.replicate_layout 1020:Replicating tracks on sheet ['/75V Boost1/']
11-22 17:19:43 com_github_MitjaNemec_ReplicateLayout.replicate_layout 835:Src fp.id: 'FB360C4B-9F97-49C4-9F8F-8E9B698A2F4D'
11-22 17:19:43 com_github_MitjaNemec_ReplicateLayout.replicate_layout 839:Dst fp.id: 'FB360C4B-9F97-49C4-9F8F-8E9B698A2F4D'
11-22 17:19:43 com_github_MitjaNemec_ReplicateLayout.replicate_layout 792:Net pairs for sheet ['/75V Boost1/'] :[('+75V', '+75V'), ('/75V Boost/G_DR', '/75V Boost1/G_DR'), ('/75V Boost/VIN', '/75V Boost1/VIN'), ('/75V Boost/FA', '/75V Boost1/FA'), ('/75V Boost/COMP', '/75V Boost1/COMP'), ('Net-(C14-Pad2)', 'Net-(C24-Pad2)'), ('Net-(R9-Pad2)', 'Net-(R22-Pad2)'), ('/75V Boost/SRC', '/75V Boost1/SRC'), ('/75V Boost/I_SEN', '/75V Boost1/I_SEN'), ('+5V', '+5V'), ('GND', 'GND'), ('/75V Boost/FB', '/75V Boost1/FB'), ('/75V Boost/SW_NODE', '/75V Boost1/SW_NODE')]
11-22 17:19:43 com_github_MitjaNemec_ReplicateLayout.replicate_layout 1020:Replicating tracks on sheet ['/75V Boost2/']
11-22 17:19:43 com_github_MitjaNemec_ReplicateLayout.replicate_layout 835:Src fp.id: 'FB360C4B-9F97-49C4-9F8F-8E9B698A2F4D'
11-22 17:19:43 com_github_MitjaNemec_ReplicateLayout.replicate_layout 839:Dst fp.id: 'FB360C4B-9F97-49C4-9F8F-8E9B698A2F4D'
11-22 17:19:43 com_github_MitjaNemec_ReplicateLayout.replicate_layout 792:Net pairs for sheet ['/75V Boost2/'] :[('+75V', '+75V'), ('Net-(C14-Pad2)', 'Net-(C29-Pad2)'), ('/75V Boost/G_DR', '/75V Boost2/G_DR'), ('/75V Boost/I_SEN', '/75V Boost2/I_SEN'), ('/75V Boost/SRC', '/75V Boost2/SRC'), ('/75V Boost/COMP', '/75V Boost2/COMP'), ('/75V Boost/SW_NODE', '/75V Boost2/SW_NODE'), ('/75V Boost/FB', '/75V Boost2/FB'), ('Net-(R9-Pad2)', 'Net-(R29-Pad2)'), ('+5V', '+5V'), ('/75V Boost/VIN', '/75V Boost2/VIN'), ('GND', 'GND'), ('/75V Boost/FA', '/75V Boost2/FA')]
11-22 17:19:43 root 340:updating GUI message: 'Replicating zones'
11-22 17:19:43 com_github_MitjaNemec_ReplicateLayout.replicate_layout 1084:Replicating zones
11-22 17:19:43 root 345:updating GUI with: 0
11-22 17:19:43 com_github_MitjaNemec_ReplicateLayout.replicate_layout 1091:Replicating zones on sheet ['/75V Boost1/']
11-22 17:19:43 com_github_MitjaNemec_ReplicateLayout.replicate_layout 835:Src fp.id: 'FB360C4B-9F97-49C4-9F8F-8E9B698A2F4D'
11-22 17:19:43 com_github_MitjaNemec_ReplicateLayout.replicate_layout 839:Dst fp.id: 'FB360C4B-9F97-49C4-9F8F-8E9B698A2F4D'
11-22 17:19:43 com_github_MitjaNemec_ReplicateLayout.replicate_layout 792:Net pairs for sheet ['/75V Boost1/'] :[('+75V', '+75V'), ('/75V Boost/G_DR', '/75V Boost1/G_DR'), ('/75V Boost/VIN', '/75V Boost1/VIN'), ('/75V Boost/FA', '/75V Boost1/FA'), ('/75V Boost/COMP', '/75V Boost1/COMP'), ('Net-(C14-Pad2)', 'Net-(C24-Pad2)'), ('Net-(R9-Pad2)', 'Net-(R22-Pad2)'), ('/75V Boost/SRC', '/75V Boost1/SRC'), ('/75V Boost/I_SEN', '/75V Boost1/I_SEN'), ('+5V', '+5V'), ('GND', 'GND'), ('/75V Boost/FB', '/75V Boost1/FB'), ('/75V Boost/SW_NODE', '/75V Boost1/SW_NODE')]
11-22 17:19:43 com_github_MitjaNemec_ReplicateLayout.replicate_layout 1091:Replicating zones on sheet ['/75V Boost2/']
11-22 17:19:43 com_github_MitjaNemec_ReplicateLayout.replicate_layout 835:Src fp.id: 'FB360C4B-9F97-49C4-9F8F-8E9B698A2F4D'
11-22 17:19:43 com_github_MitjaNemec_ReplicateLayout.replicate_layout 839:Dst fp.id: 'FB360C4B-9F97-49C4-9F8F-8E9B698A2F4D'
11-22 17:19:43 com_github_MitjaNemec_ReplicateLayout.replicate_layout 792:Net pairs for sheet ['/75V Boost2/'] :[('+75V', '+75V'), ('Net-(C14-Pad2)', 'Net-(C29-Pad2)'), ('/75V Boost/G_DR', '/75V Boost2/G_DR'), ('/75V Boost/I_SEN', '/75V Boost2/I_SEN'), ('/75V Boost/SRC', '/75V Boost2/SRC'), ('/75V Boost/COMP', '/75V Boost2/COMP'), ('/75V Boost/SW_NODE', '/75V Boost2/SW_NODE'), ('/75V Boost/FB', '/75V Boost2/FB'), ('Net-(R9-Pad2)', 'Net-(R29-Pad2)'), ('+5V', '+5V'), ('/75V Boost/VIN', '/75V Boost2/VIN'), ('GND', 'GND'), ('/75V Boost/FA', '/75V Boost2/FA')]
11-22 17:19:43 root 340:updating GUI message: 'Replicating text'
11-22 17:19:43 com_github_MitjaNemec_ReplicateLayout.replicate_layout 1173:Replicating text
11-22 17:19:43 root 345:updating GUI with: 0
11-22 17:19:43 com_github_MitjaNemec_ReplicateLayout.replicate_layout 1180:Replicating text on sheet ['/75V Boost1/']
11-22 17:19:43 com_github_MitjaNemec_ReplicateLayout.replicate_layout 835:Src fp.id: 'FB360C4B-9F97-49C4-9F8F-8E9B698A2F4D'
11-22 17:19:43 com_github_MitjaNemec_ReplicateLayout.replicate_layout 839:Dst fp.id: 'FB360C4B-9F97-49C4-9F8F-8E9B698A2F4D'
11-22 17:19:43 com_github_MitjaNemec_ReplicateLayout.replicate_layout 1180:Replicating text on sheet ['/75V Boost2/']
11-22 17:19:43 com_github_MitjaNemec_ReplicateLayout.replicate_layout 835:Src fp.id: 'FB360C4B-9F97-49C4-9F8F-8E9B698A2F4D'
11-22 17:19:43 com_github_MitjaNemec_ReplicateLayout.replicate_layout 839:Dst fp.id: 'FB360C4B-9F97-49C4-9F8F-8E9B698A2F4D'
11-22 17:19:43 root 340:updating GUI message: 'Replicating drawings'
11-22 17:19:43 com_github_MitjaNemec_ReplicateLayout.replicate_layout 1224:Replicating drawings
11-22 17:19:43 com_github_MitjaNemec_ReplicateLayout.replicate_layout 1230:Replicating drawings on sheet ['/75V Boost1/']
11-22 17:19:43 com_github_MitjaNemec_ReplicateLayout.replicate_layout 835:Src fp.id: 'FB360C4B-9F97-49C4-9F8F-8E9B698A2F4D'
11-22 17:19:43 com_github_MitjaNemec_ReplicateLayout.replicate_layout 839:Dst fp.id: 'FB360C4B-9F97-49C4-9F8F-8E9B698A2F4D'
11-22 17:19:43 com_github_MitjaNemec_ReplicateLayout.replicate_layout 1230:Replicating drawings on sheet ['/75V Boost2/']
11-22 17:19:43 com_github_MitjaNemec_ReplicateLayout.replicate_layout 835:Src fp.id: 'FB360C4B-9F97-49C4-9F8F-8E9B698A2F4D'
11-22 17:19:43 com_github_MitjaNemec_ReplicateLayout.replicate_layout 839:Dst fp.id: 'FB360C4B-9F97-49C4-9F8F-8E9B698A2F4D'
11-22 17:19:43 com_github_MitjaNemec_ReplicateLayout.action_replicate_layout 264:Replication complete
